
**** Build of configuration Nios II for project aes_dec ****

make all 
      0 [main] sh 18584 find_fast_cwd: WARNING: Couldn't compute FAST_CWD pointer.  Please report this problem to
the public mailing list cygwin@cygwin.com
      0 [main] sh 8484 find_fast_cwd: WARNING: Couldn't compute FAST_CWD pointer.  Please report this problem to
the public mailing list cygwin@cygwin.com
      0 [main] echo 12472 find_fast_cwd: WARNING: Couldn't compute FAST_CWD pointer.  Please report this problem to
the public mailing list cygwin@cygwin.com
Info: Building ../aes_dec_bsp/
make --no-print-directory -C ../aes_dec_bsp/
      1 [main] pwd 16324 find_fast_cwd: WARNING: Couldn't compute FAST_CWD pointer.  Please report this problem to
the public mailing list cygwin@cygwin.com
      0 [main] sh 18124 find_fast_cwd: WARNING: Couldn't compute FAST_CWD pointer.  Please report this problem to
the public mailing list cygwin@cygwin.com
      0 [main] sh 11912 find_fast_cwd: WARNING: Couldn't compute FAST_CWD pointer.  Please report this problem to
the public mailing list cygwin@cygwin.com
[BSP build complete]
      0 [main] echo 4720 find_fast_cwd: WARNING: Couldn't compute FAST_CWD pointer.  Please report this problem to
Info: Compiling iniche_init.c to obj/default/iniche_init.o
the public mailing list cygwin@cygwin.com
      0 [main] mkdir 8052 find_fast_cwd: WARNING: Couldn't compute FAST_CWD pointer.  Please report this problem to
the public mailing list cygwin@cygwin.com
nios2-elf-gcc -xc -MP -MMD -c -I../aes_dec_bsp//iniche/inc -I../aes_dec_bsp//iniche/src/h -I../aes_dec_bsp//iniche/src/h/nios2 -I../aes_dec_bsp//iniche/src/nios2 -I../aes_dec_bsp//UCOSII/inc -I../aes_dec_bsp//HAL/inc -I../aes_dec_bsp/ -I../aes_dec_bsp//drivers/inc  -DSYSTEM_BUS_WIDTH=32 -pipe -D__hal__ -DALT_NO_INSTRUCTION_EMULATION -DALT_INICHE -D__ucosii__    -O0 -g -Wall   -EL -mno-hw-div -mhw-mul -mno-hw-mulx  -o obj/default/iniche_init.o iniche_init.c
iniche_init.c: In function 'encrypt':
iniche_init.c:114: warning: format '%X' expects type 'unsigned int', but argument 2 has type 'unsigned int *'
iniche_init.c:114: warning: format '%X' expects type 'unsigned int', but argument 2 has type 'unsigned int *'
iniche_init.c: In function 'SSSInitialTask':
iniche_init.c:146: warning: implicit declaration of function 'inet_pton'
iniche_init.c:124: warning: unused variable 'error_code'
      0 [main] true 14536 find_fast_cwd: WARNING: Couldn't compute FAST_CWD pointer.  Please report this problem to
Info: Linking aes_dec.elf
the public mailing list cygwin@cygwin.com
      0 [main] echo 9024 find_fast_cwd: WARNING: Couldn't compute FAST_CWD pointer.  Please report this problem to
the public mailing list cygwin@cygwin.com
nios2-elf-g++  -T'../aes_dec_bsp//linker.x' -msys-crt0='../aes_dec_bsp//obj/HAL/src/crt0.o' -msys-lib=ucosii_bsp -L../aes_dec_bsp/   -Wl,-Map=aes_dec.map   -O0 -g -Wall   -EL -mno-hw-div -mhw-mul -mno-hw-mulx  -o aes_dec.elf obj/default/LCD.o obj/default/SSS_DE2_115.o obj/default/alt_error_handler.o obj/default/dm9000a.o obj/default/iniche_init.o obj/default/led.o obj/default/network_utilities.o obj/default/simple_socket_server.o obj/default/tse_my_system.o -lm 
nios2-elf-insert aes_dec.elf --thread_model ucosii --cpu_name cpu_0 --qsys true --simulation_enabled false --id 0 --sidp 0x1a82108 --timestamp 1741127362 --stderr_dev jtag_uart_0 --stdin_dev jtag_uart_0 --stdout_dev jtag_uart_0 --sopc_system_name system_0 --quartus_project_dir "C:/logica/DE2_NET" --jdi C:/logica/DE2_NET/DE2_NET.jdi --sopcinfo C:/logica/DE2_NET/system_0.sopcinfo
      0 [main] sh 10572 find_fast_cwd: WARNING: Couldn't compute FAST_CWD pointer.  Please report this problem to
the public mailing list cygwin@cygwin.com
      0 [main] uname 16884 find_fast_cwd: WARNING: Couldn't compute FAST_CWD pointer.  Please report this problem to
the public mailing list cygwin@cygwin.com
      0 [main] sh 1820 find_fast_cwd: WARNING: Couldn't compute FAST_CWD pointer.  Please report this problem to
the public mailing list cygwin@cygwin.com
Info: (aes_dec.elf) 351 KBytes program size (code + initialized data).
Info:               7840 KBytes free for stack + heap.
      0 [main] echo 5476 find_fast_cwd: WARNING: Couldn't compute FAST_CWD pointer.  Please report this problem to
Info: Creating aes_dec.objdump
the public mailing list cygwin@cygwin.com
nios2-elf-objdump --disassemble --syms --all-header --source aes_dec.elf >aes_dec.objdump
      0 [main] sh 2168 find_fast_cwd: WARNING: Couldn't compute FAST_CWD pointer.  Please report this problem to
the public mailing list cygwin@cygwin.com
      0 [main] sh 15448 find_fast_cwd: WARNING: Couldn't compute FAST_CWD pointer.  Please report this problem to
the public mailing list cygwin@cygwin.com
[aes_dec build complete]

**** Build Finished ****

**** Build of configuration Nios II for project aes_dec ****

make all 
      0 [main] sh 10680 find_fast_cwd: WARNING: Couldn't compute FAST_CWD pointer.  Please report this problem to
the public mailing list cygwin@cygwin.com
      0 [main] sh 9676 find_fast_cwd: WARNING: Couldn't compute FAST_CWD pointer.  Please report this problem to
the public mailing list cygwin@cygwin.com
      0 [main] echo 7020 find_fast_cwd: WARNING: Couldn't compute FAST_CWD pointer.  Please report this problem to
Info: Building ../aes_dec_bsp/
the public mailing list cygwin@cygwin.com
make --no-print-directory -C ../aes_dec_bsp/
      0 [main] pwd 16440 find_fast_cwd: WARNING: Couldn't compute FAST_CWD pointer.  Please report this problem to
the public mailing list cygwin@cygwin.com
      0 [main] sh 9252 find_fast_cwd: WARNING: Couldn't compute FAST_CWD pointer.  Please report this problem to
the public mailing list cygwin@cygwin.com
      0 [main] sh 5596 find_fast_cwd: WARNING: Couldn't compute FAST_CWD pointer.  Please report this problem to
[BSP build complete]
the public mailing list cygwin@cygwin.com
      0 [main] true 16824 find_fast_cwd: WARNING: Couldn't compute FAST_CWD pointer.  Please report this problem to
the public mailing list cygwin@cygwin.com
      0 [main] sh 14012 find_fast_cwd: WARNING: Couldn't compute FAST_CWD pointer.  Please report this problem to
the public mailing list cygwin@cygwin.com
[aes_dec build complete]

**** Build Finished ****

**** Build of configuration Nios II for project aes_dec ****

make all 
      0 [main] sh 14212 find_fast_cwd: WARNING: Couldn't compute FAST_CWD pointer.  Please report this problem to
the public mailing list cygwin@cygwin.com
      0 [main] sh 4392 find_fast_cwd: WARNING: Couldn't compute FAST_CWD pointer.  Please report this problem to
the public mailing list cygwin@cygwin.com
      0 [main] echo 10936 find_fast_cwd: WARNING: Couldn't compute FAST_CWD pointer.  Please report this problem to
Info: Building ../aes_dec_bsp/
the public mailing list cygwin@cygwin.com
make --no-print-directory -C ../aes_dec_bsp/
      0 [main] pwd 16588 find_fast_cwd: WARNING: Couldn't compute FAST_CWD pointer.  Please report this problem to
the public mailing list cygwin@cygwin.com
      0 [main] sh 4436 find_fast_cwd: WARNING: Couldn't compute FAST_CWD pointer.  Please report this problem to
the public mailing list cygwin@cygwin.com
      0 [main] sh 7072 find_fast_cwd: WARNING: Couldn't compute FAST_CWD pointer.  Please report this problem to
the public mailing list cygwin@cygwin.com
[BSP build complete]
      0 [main] true 15720 find_fast_cwd: WARNING: Couldn't compute FAST_CWD pointer.  Please report this problem to
the public mailing list cygwin@cygwin.com
      0 [main] sh 2380 find_fast_cwd: WARNING: Couldn't compute FAST_CWD pointer.  Please report this problem to
the public mailing list cygwin@cygwin.com
[aes_dec build complete]

**** Build Finished ****
